This is XeTeX, Version 3.14159265-2.6-0.999992 (TeX Live 2020) (preloaded format=xelatex 2020.4.7)  18 MAY 2021 07:58
entering extended mode
 restricted \write18 enabled.
 %&-line parsing enabled.
**adv_epi_analysis.tex
(./adv_epi_analysis.tex
LaTeX2e <2020-02-02> patch level 5
L3 programming layer <2020-03-06> (/usr/local/texlive/2020/texmf-dist/tex/latex
/base/book.cls
Document Class: book 2019/12/20 v1.4l Standard LaTeX document class
(/usr/local/texlive/2020/texmf-dist/tex/latex/base/bk10.clo
File: bk10.clo 2019/12/20 v1.4l Standard LaTeX file (size option)
)
\c@part=\count163
\c@chapter=\count164
\c@section=\count165
\c@subsection=\count166
\c@subsubsection=\count167
\c@paragraph=\count168
\c@subparagraph=\count169
\c@figure=\count170
\c@table=\count171
\abovecaptionskip=\skip47
\belowcaptionskip=\skip48
\bibindent=\dimen134
) (/usr/local/texlive/2020/texmf-dist/tex/latex/lm/lmodern.sty
Package: lmodern 2009/10/30 v1.6 Latin Modern Fonts
LaTeX Font Info:    Overwriting symbol font `operators' in version `normal'
(Font)                  OT1/cmr/m/n --> OT1/lmr/m/n on input line 22.
LaTeX Font Info:    Overwriting symbol font `letters' in version `normal'
(Font)                  OML/cmm/m/it --> OML/lmm/m/it on input line 23.
LaTeX Font Info:    Overwriting symbol font `symbols' in version `normal'
(Font)                  OMS/cmsy/m/n --> OMS/lmsy/m/n on input line 24.
LaTeX Font Info:    Overwriting symbol font `largesymbols' in version `normal'
(Font)                  OMX/cmex/m/n --> OMX/lmex/m/n on input line 25.
LaTeX Font Info:    Overwriting symbol font `operators' in version `bold'
(Font)                  OT1/cmr/bx/n --> OT1/lmr/bx/n on input line 26.
LaTeX Font Info:    Overwriting symbol font `letters' in version `bold'
(Font)                  OML/cmm/b/it --> OML/lmm/b/it on input line 27.
LaTeX Font Info:    Overwriting symbol font `symbols' in version `bold'
(Font)                  OMS/cmsy/b/n --> OMS/lmsy/b/n on input line 28.
LaTeX Font Info:    Overwriting symbol font `largesymbols' in version `bold'
(Font)                  OMX/cmex/m/n --> OMX/lmex/m/n on input line 29.
LaTeX Font Info:    Overwriting math alphabet `\mathbf' in version `normal'
(Font)                  OT1/cmr/bx/n --> OT1/lmr/bx/n on input line 31.
LaTeX Font Info:    Overwriting math alphabet `\mathsf' in version `normal'
(Font)                  OT1/cmss/m/n --> OT1/lmss/m/n on input line 32.
LaTeX Font Info:    Overwriting math alphabet `\mathit' in version `normal'
(Font)                  OT1/cmr/m/it --> OT1/lmr/m/it on input line 33.
LaTeX Font Info:    Overwriting math alphabet `\mathtt' in version `normal'
(Font)                  OT1/cmtt/m/n --> OT1/lmtt/m/n on input line 34.
LaTeX Font Info:    Overwriting math alphabet `\mathbf' in version `bold'
(Font)                  OT1/cmr/bx/n --> OT1/lmr/bx/n on input line 35.
LaTeX Font Info:    Overwriting math alphabet `\mathsf' in version `bold'
(Font)                  OT1/cmss/bx/n --> OT1/lmss/bx/n on input line 36.
LaTeX Font Info:    Overwriting math alphabet `\mathit' in version `bold'
(Font)                  OT1/cmr/bx/it --> OT1/lmr/bx/it on input line 37.
LaTeX Font Info:    Overwriting math alphabet `\mathtt' in version `bold'
(Font)                  OT1/cmtt/m/n --> OT1/lmtt/m/n on input line 38.
) (/usr/local/texlive/2020/texmf-dist/tex/latex/amsfonts/amssymb.sty
Package: amssymb 2013/01/14 v3.01 AMS font symbols
(/usr/local/texlive/2020/texmf-dist/tex/latex/amsfonts/amsfonts.sty
Package: amsfonts 2013/01/14 v3.01 Basic AMSFonts support
\@emptytoks=\toks15
\symAMSa=\mathgroup4
\symAMSb=\mathgroup5
LaTeX Font Info:    Redeclaring math symbol \hbar on input line 98.
LaTeX Font Info:    Overwriting math alphabet `\mathfrak' in version `bold'
(Font)                  U/euf/m/n --> U/euf/b/n on input line 106.
)) (/usr/local/texlive/2020/texmf-dist/tex/latex/amsmath/amsmath.sty
Package: amsmath 2020/01/20 v2.17e AMS math features
\@mathmargin=\skip49
For additional information on amsmath, use the `?' option.
(/usr/local/texlive/2020/texmf-dist/tex/latex/amsmath/amstext.sty
Package: amstext 2000/06/29 v2.01 AMS text
(/usr/local/texlive/2020/texmf-dist/tex/latex/amsmath/amsgen.sty
File: amsgen.sty 1999/11/30 v2.0 generic functions
\@emptytoks=\toks16
\ex@=\dimen135
)) (/usr/local/texlive/2020/texmf-dist/tex/latex/amsmath/amsbsy.sty
Package: amsbsy 1999/11/29 v1.2d Bold Symbols
\pmbraise@=\dimen136
) (/usr/local/texlive/2020/texmf-dist/tex/latex/amsmath/amsopn.sty
Package: amsopn 2016/03/08 v2.02 operator names
)
\inf@bad=\count172
LaTeX Info: Redefining \frac on input line 227.
\uproot@=\count173
\leftroot@=\count174
LaTeX Info: Redefining \overline on input line 389.
\classnum@=\count175
\DOTSCASE@=\count176
LaTeX Info: Redefining \ldots on input line 486.
LaTeX Info: Redefining \dots on input line 489.
LaTeX Info: Redefining \cdots on input line 610.
\Mathstrutbox@=\box45
\strutbox@=\box46
\big@size=\dimen137
LaTeX Font Info:    Redeclaring font encoding OML on input line 733.
LaTeX Font Info:    Redeclaring font encoding OMS on input line 734.
\macc@depth=\count177
\c@MaxMatrixCols=\count178
\dotsspace@=\muskip16
\c@parentequation=\count179
\dspbrk@lvl=\count180
\tag@help=\toks17
\row@=\count181
\column@=\count182
\maxfields@=\count183
\andhelp@=\toks18
\eqnshift@=\dimen138
\alignsep@=\dimen139
\tagshift@=\dimen140
\tagwidth@=\dimen141
\totwidth@=\dimen142
\lineht@=\dimen143
\@envbody=\toks19
\multlinegap=\skip50
\multlinetaggap=\skip51
\mathdisplay@stack=\toks20
LaTeX Info: Redefining \[ on input line 2859.
LaTeX Info: Redefining \] on input line 2860.
) (/usr/local/texlive/2020/texmf-dist/tex/generic/iftex/ifxetex.sty
Package: ifxetex 2019/10/25 v0.7 ifxetex legacy package. Use iftex instead.
(/usr/local/texlive/2020/texmf-dist/tex/generic/iftex/iftex.sty
Package: iftex 2020/03/06 v1.0d TeX engine tests
)) (/usr/local/texlive/2020/texmf-dist/tex/generic/iftex/ifluatex.sty
Package: ifluatex 2019/10/25 v1.5 ifluatex legacy package. Use iftex instead.
) (/usr/local/texlive/2020/texmf-dist/tex/latex/unicode-math/unicode-math.sty (
/usr/local/texlive/2020/texmf-dist/tex/latex/l3kernel/expl3.sty
Package: expl3 2020-03-06 L3 programming layer (loader) 

(/usr/local/texlive/2020/texmf-dist/tex/latex/l3backend/l3backend-xdvipdfmx.def
File: l3backend-xdvipdfmx.def 2020-03-12 L3 backend support: xdvipdfmx
\g__graphics_track_int=\count184
\l__pdf_internal_box=\box47
\g__pdf_backend_object_int=\count185
\g__pdf_backend_annotation_int=\count186
))
Package: unicode-math 2020/01/31 v0.8q Unicode maths in XeLaTeX and LuaLaTeX

(/usr/local/texlive/2020/texmf-dist/tex/latex/unicode-math/unicode-math-xetex.s
ty
Package: unicode-math-xetex 2020/01/31 v0.8q Unicode maths in XeLaTeX and LuaLa
TeX
(/usr/local/texlive/2020/texmf-dist/tex/latex/l3packages/xparse/xparse.sty
Package: xparse 2020-03-06 L3 Experimental document command parser
\l__xparse_current_arg_int=\count187
\g__xparse_grabber_int=\count188
\l__xparse_m_args_int=\count189
\l__xparse_v_nesting_int=\count190
) (/usr/local/texlive/2020/texmf-dist/tex/latex/l3packages/l3keys2e/l3keys2e.st
y
Package: l3keys2e 2020-03-06 LaTeX2e option processing using LaTeX3 keys
) (/usr/local/texlive/2020/texmf-dist/tex/latex/fontspec/fontspec.sty
Package: fontspec 2020/02/21 v2.7i Font selection for XeLaTeX and LuaLaTeX
(/usr/local/texlive/2020/texmf-dist/tex/latex/fontspec/fontspec-xetex.sty
Package: fontspec-xetex 2020/02/21 v2.7i Font selection for XeLaTeX and LuaLaTe
X
\l__fontspec_script_int=\count191
\l__fontspec_language_int=\count192
\l__fontspec_strnum_int=\count193
\l__fontspec_tmp_int=\count194
\l__fontspec_tmpa_int=\count195
\l__fontspec_tmpb_int=\count196
\l__fontspec_tmpc_int=\count197
\l__fontspec_em_int=\count198
\l__fontspec_emdef_int=\count199
\l__fontspec_strong_int=\count266
\l__fontspec_strongdef_int=\count267
\l__fontspec_tmpa_dim=\dimen144
\l__fontspec_tmpb_dim=\dimen145
\l__fontspec_tmpc_dim=\dimen146
(/usr/local/texlive/2020/texmf-dist/tex/latex/base/fontenc.sty
Package: fontenc 2020/02/11 v2.0o Standard LaTeX package
) (/usr/local/texlive/2020/texmf-dist/tex/latex/fontspec/fontspec.cfg))) (/usr/
local/texlive/2020/texmf-dist/tex/latex/base/fix-cm.sty
Package: fix-cm 2015/01/14 v1.1t fixes to LaTeX
(/usr/local/texlive/2020/texmf-dist/tex/latex/base/ts1enc.def
File: ts1enc.def 2001/06/05 v3.0e (jk/car/fm) Standard LaTeX file
LaTeX Font Info:    Redeclaring font encoding TS1 on input line 47.
))
\g__um_fam_int=\count268
\g__um_fonts_used_int=\count269
\l__um_primecount_int=\count270
\g__um_primekern_muskip=\muskip17

(/usr/local/texlive/2020/texmf-dist/tex/latex/unicode-math/unicode-math-table.t
ex))) (/usr/local/texlive/2020/texmf-dist/tex/latex/upquote/upquote.sty
Package: upquote 2012/04/19 v1.3 upright-quote and grave-accent glyphs in verba
tim
(/usr/local/texlive/2020/texmf-dist/tex/latex/base/textcomp.sty
Package: textcomp 2020/02/02 v2.0n Standard LaTeX package
)) (/usr/local/texlive/2020/texmf-dist/tex/latex/microtype/microtype.sty
Package: microtype 2019/11/18 v2.7d Micro-typographical refinements (RS)
(/usr/local/texlive/2020/texmf-dist/tex/latex/graphics/keyval.sty
Package: keyval 2014/10/28 v1.15 key=value parser (DPC)
\KV@toks@=\toks21
)
\MT@toks=\toks22
\MT@count=\count271
LaTeX Info: Redefining \textls on input line 790.
\MT@outer@kern=\dimen147
LaTeX Info: Redefining \textmicrotypecontext on input line 1354.
\MT@listname@count=\count272
(/usr/local/texlive/2020/texmf-dist/tex/latex/microtype/microtype-xetex.def
File: microtype-xetex.def 2019/11/18 v2.7d Definitions specific to xetex (RS)
LaTeX Info: Redefining \lsstyle on input line 258.
)
Package microtype Info: Loading configuration file microtype.cfg.
(/usr/local/texlive/2020/texmf-dist/tex/latex/microtype/microtype.cfg
File: microtype.cfg 2019/11/18 v2.7d microtype main configuration file (RS)
)) (/usr/local/texlive/2020/texmf-dist/tex/latex/parskip/parskip.sty
Package: parskip 2020-01-22 v2.0d non-zero parskip adjustments
(/usr/local/texlive/2020/texmf-dist/tex/latex/kvoptions/kvoptions.sty
Package: kvoptions 2019/11/29 v3.13 Key value format for package options (HO)
(/usr/local/texlive/2020/texmf-dist/tex/generic/ltxcmds/ltxcmds.sty
Package: ltxcmds 2019/12/15 v1.24 LaTeX kernel commands for general use (HO)
) (/usr/local/texlive/2020/texmf-dist/tex/generic/kvsetkeys/kvsetkeys.sty
Package: kvsetkeys 2019/12/15 v1.18 Key value parser (HO)
)) (/usr/local/texlive/2020/texmf-dist/tex/latex/etoolbox/etoolbox.sty
Package: etoolbox 2019/09/21 v2.5h e-TeX tools for LaTeX (JAW)
\etb@tempcnta=\count273
)) (/usr/local/texlive/2020/texmf-dist/tex/latex/xcolor/xcolor.sty
Package: xcolor 2016/05/11 v2.12 LaTeX color extensions (UK)
(/usr/local/texlive/2020/texmf-dist/tex/latex/graphics-cfg/color.cfg
File: color.cfg 2016/01/02 v1.6 sample color configuration
)
Package xcolor Info: Driver file: xetex.def on input line 225.
(/usr/local/texlive/2020/texmf-dist/tex/latex/graphics-def/xetex.def
File: xetex.def 2017/06/24 v5.0h Graphics/color driver for xetex
)
Package xcolor Info: Model `cmy' substituted by `cmy0' on input line 1348.
Package xcolor Info: Model `RGB' extended on input line 1364.
Package xcolor Info: Model `HTML' substituted by `rgb' on input line 1366.
Package xcolor Info: Model `Hsb' substituted by `hsb' on input line 1367.
Package xcolor Info: Model `tHsb' substituted by `hsb' on input line 1368.
Package xcolor Info: Model `HSB' substituted by `hsb' on input line 1369.
Package xcolor Info: Model `Gray' substituted by `gray' on input line 1370.
Package xcolor Info: Model `wave' substituted by `hsb' on input line 1371.
) (/usr/local/texlive/2020/texmf-dist/tex/latex/xurl/xurl.sty
Package: xurl 2020/01/24 v 0.09 modify URL breaks
(/usr/local/texlive/2020/texmf-dist/tex/latex/url/url.sty
\Urlmuskip=\muskip18
Package: url 2013/09/16  ver 3.4  Verb mode for urls, etc.
)) (/usr/local/texlive/2020/texmf-dist/tex/latex/bookmark/bookmark.sty
Package: bookmark 2019/12/03 v1.28 PDF bookmarks (HO)
(/usr/local/texlive/2020/texmf-dist/tex/latex/hyperref/hyperref.sty
Package: hyperref 2020/01/14 v7.00d Hypertext links for LaTeX
(/usr/local/texlive/2020/texmf-dist/tex/latex/pdftexcmds/pdftexcmds.sty
Package: pdftexcmds 2019/11/24 v0.31 Utility functions of pdfTeX for LuaTeX (HO
)
(/usr/local/texlive/2020/texmf-dist/tex/generic/infwarerr/infwarerr.sty
Package: infwarerr 2019/12/03 v1.5 Providing info/warning/error messages (HO)
)
Package pdftexcmds Info: \pdf@primitive is available.
Package pdftexcmds Info: \pdf@ifprimitive is available.
Package pdftexcmds Info: \pdfdraftmode not found.
) (/usr/local/texlive/2020/texmf-dist/tex/generic/kvdefinekeys/kvdefinekeys.sty
Package: kvdefinekeys 2019-12-19 v1.6 Define keys (HO)
) (/usr/local/texlive/2020/texmf-dist/tex/generic/pdfescape/pdfescape.sty
Package: pdfescape 2019/12/09 v1.15 Implements pdfTeX's escape features (HO)
) (/usr/local/texlive/2020/texmf-dist/tex/latex/hycolor/hycolor.sty
Package: hycolor 2020-01-27 v1.10 Color options for hyperref/bookmark (HO)
) (/usr/local/texlive/2020/texmf-dist/tex/latex/letltxmacro/letltxmacro.sty
Package: letltxmacro 2019/12/03 v1.6 Let assignment for LaTeX macros (HO)
) (/usr/local/texlive/2020/texmf-dist/tex/latex/auxhook/auxhook.sty
Package: auxhook 2019-12-17 v1.6 Hooks for auxiliary files (HO)
)
\@linkdim=\dimen148
\Hy@linkcounter=\count274
\Hy@pagecounter=\count275
(/usr/local/texlive/2020/texmf-dist/tex/latex/hyperref/pd1enc.def
File: pd1enc.def 2020/01/14 v7.00d Hyperref: PDFDocEncoding definition (HO)
) (/usr/local/texlive/2020/texmf-dist/tex/generic/intcalc/intcalc.sty
Package: intcalc 2019/12/15 v1.3 Expandable calculations with integers (HO)
) (/usr/local/texlive/2020/texmf-dist/tex/generic/etexcmds/etexcmds.sty
Package: etexcmds 2019/12/15 v1.7 Avoid name clashes with e-TeX commands (HO)
)
\Hy@SavedSpaceFactor=\count276
Package hyperref Info: Option `unicode' set `true' on input line 4421.
(/usr/local/texlive/2020/texmf-dist/tex/latex/hyperref/puenc.def
File: puenc.def 2020/01/14 v7.00d Hyperref: PDF Unicode definition (HO)
)
Package hyperref Info: Hyper figures OFF on input line 4547.
Package hyperref Info: Link nesting OFF on input line 4552.
Package hyperref Info: Hyper index ON on input line 4555.
Package hyperref Info: Plain pages OFF on input line 4562.
Package hyperref Info: Backreferencing OFF on input line 4567.
Package hyperref Info: Implicit mode ON; LaTeX internals redefined.
Package hyperref Info: Bookmarks ON on input line 4800.
\c@Hy@tempcnt=\count277
LaTeX Info: Redefining \url on input line 5159.
\XeTeXLinkMargin=\dimen149
(/usr/local/texlive/2020/texmf-dist/tex/generic/bitset/bitset.sty
Package: bitset 2019/12/09 v1.3 Handle bit-vector datatype (HO)
(/usr/local/texlive/2020/texmf-dist/tex/generic/bigintcalc/bigintcalc.sty
Package: bigintcalc 2019/12/15 v1.5 Expandable calculations on big integers (HO
)
))
\Fld@menulength=\count278
\Field@Width=\dimen150
\Fld@charsize=\dimen151
Package hyperref Info: Hyper figures OFF on input line 6430.
Package hyperref Info: Link nesting OFF on input line 6435.
Package hyperref Info: Hyper index ON on input line 6438.
Package hyperref Info: backreferencing OFF on input line 6445.
Package hyperref Info: Link coloring OFF on input line 6450.
Package hyperref Info: Link coloring with OCG OFF on input line 6455.
Package hyperref Info: PDF/A mode OFF on input line 6460.
LaTeX Info: Redefining \ref on input line 6500.
LaTeX Info: Redefining \pageref on input line 6504.
(/usr/local/texlive/2020/texmf-dist/tex/generic/atbegshi/atbegshi.sty
Package: atbegshi 2019/12/05 v1.19 At begin shipout hook (HO)
)
\Hy@abspage=\count279
\c@Item=\count280
\c@Hfootnote=\count281
)
Package hyperref Info: Driver (autodetected): hxetex.
(/usr/local/texlive/2020/texmf-dist/tex/latex/hyperref/hxetex.def
File: hxetex.def 2020/01/14 v7.00d Hyperref driver for XeTeX
(/usr/local/texlive/2020/texmf-dist/tex/generic/stringenc/stringenc.sty
Package: stringenc 2019/11/29 v1.12 Convert strings between diff. encodings (HO
)
)
\pdfm@box=\box48
\c@Hy@AnnotLevel=\count282
\HyField@AnnotCount=\count283
\Fld@listcount=\count284
\c@bookmark@seq@number=\count285

(/usr/local/texlive/2020/texmf-dist/tex/latex/rerunfilecheck/rerunfilecheck.sty
Package: rerunfilecheck 2019/12/05 v1.9 Rerun checks for auxiliary files (HO)
(/usr/local/texlive/2020/texmf-dist/tex/latex/atveryend/atveryend.sty
Package: atveryend 2019-12-11 v1.11 Hooks at the very end of document (HO)
)
(/usr/local/texlive/2020/texmf-dist/tex/generic/uniquecounter/uniquecounter.sty
Package: uniquecounter 2019/12/15 v1.4 Provide unlimited unique counter (HO)
)
Package uniquecounter Info: New unique counter `rerunfilecheck' on input line 2
86.
)
\Hy@SectionHShift=\skip52
) (/usr/local/texlive/2020/texmf-dist/tex/latex/bookmark/bkm-dvipdfm.def
File: bkm-dvipdfm.def 2019/12/03 v1.28 bookmark driver for dvipdfm (HO)
\BKM@id=\count286
)) (/usr/local/texlive/2020/texmf-dist/tex/latex/fancyvrb/fancyvrb.sty
Package: fancyvrb 2020/01/13 v3.5 verbatim text (tvz,hv)
\FV@CodeLineNo=\count287
\FV@InFile=\read2
\FV@TabBox=\box49
\c@FancyVerbLine=\count288
\FV@StepNumber=\count289
\FV@OutFile=\write3
) (/usr/local/texlive/2020/texmf-dist/tex/latex/framed/framed.sty
Package: framed 2011/10/22 v 0.96: framed or shaded text with page breaks
\OuterFrameSep=\skip53
\fb@frw=\dimen152
\fb@frh=\dimen153
\FrameRule=\dimen154
\FrameSep=\dimen155
) (/usr/local/texlive/2020/texmf-dist/tex/latex/tools/longtable.sty
Package: longtable 2020/01/07 v4.13 Multi-page Table package (DPC)
\LTleft=\skip54
\LTright=\skip55
\LTpre=\skip56
\LTpost=\skip57
\LTchunksize=\count290
\LTcapwidth=\dimen156
\LT@head=\box50
\LT@firsthead=\box51
\LT@foot=\box52
\LT@lastfoot=\box53
\LT@cols=\count291
\LT@rows=\count292
\c@LT@tables=\count293
\c@LT@chunks=\count294
\LT@p@ftn=\toks23
) (/usr/local/texlive/2020/texmf-dist/tex/latex/booktabs/booktabs.sty
Package: booktabs 2020/01/12 v1.61803398 Publication quality tables
\heavyrulewidth=\dimen157
\lightrulewidth=\dimen158
\cmidrulewidth=\dimen159
\belowrulesep=\dimen160
\belowbottomsep=\dimen161
\aboverulesep=\dimen162
\abovetopsep=\dimen163
\cmidrulesep=\dimen164
\cmidrulekern=\dimen165
\defaultaddspace=\dimen166
\@cmidla=\count295
\@cmidlb=\count296
\@aboverulesep=\dimen167
\@belowrulesep=\dimen168
\@thisruleclass=\count297
\@lastruleclass=\count298
\@thisrulewidth=\dimen169
) (/usr/local/texlive/2020/texmf-dist/tex/latex/footnotehyper/footnotehyper.sty
Package: footnotehyper 2019/11/07 v1.1a hyperref aware footnote.sty (JFB)
\FNH@notes=\box54
\FNH@width=\dimen170
) (/usr/local/texlive/2020/texmf-dist/tex/latex/graphics/graphicx.sty
Package: graphicx 2019/11/30 v1.2a Enhanced LaTeX Graphics (DPC,SPQR)
(/usr/local/texlive/2020/texmf-dist/tex/latex/graphics/graphics.sty
Package: graphics 2019/11/30 v1.4a Standard LaTeX Graphics (DPC,SPQR)
(/usr/local/texlive/2020/texmf-dist/tex/latex/graphics/trig.sty
Package: trig 2016/01/03 v1.10 sin cos tan (DPC)
) (/usr/local/texlive/2020/texmf-dist/tex/latex/graphics-cfg/graphics.cfg
File: graphics.cfg 2016/06/04 v1.11 sample graphics configuration
)
Package graphics Info: Driver file: xetex.def on input line 105.
)
\Gin@req@height=\dimen171
\Gin@req@width=\dimen172
) (/usr/local/texlive/2020/texmf-dist/tex/latex/grffile/grffile.sty
Package: grffile 2019/11/11 v2.1 Extended file name support for graphics (legac
y)
Package grffile Info: This package is an empty stub for compatibility on input 
line 40.
) (/usr/local/texlive/2020/texmf-dist/tex/latex/natbib/natbib.sty
Package: natbib 2010/09/13 8.31b (PWD, AO)
\bibhang=\skip58
\bibsep=\skip59
LaTeX Info: Redefining \cite on input line 694.
\c@NAT@ctr=\count299
)
No file adv_epi_analysis.aux.
\openout1 = `adv_epi_analysis.aux'.

LaTeX Font Info:    Checking defaults for OML/cmm/m/it on input line 118.
LaTeX Font Info:    ... okay on input line 118.
LaTeX Font Info:    Checking defaults for OMS/cmsy/m/n on input line 118.
LaTeX Font Info:    ... okay on input line 118.
LaTeX Font Info:    Checking defaults for OT1/cmr/m/n on input line 118.
LaTeX Font Info:    ... okay on input line 118.
LaTeX Font Info:    Checking defaults for T1/cmr/m/n on input line 118.
LaTeX Font Info:    ... okay on input line 118.
LaTeX Font Info:    Checking defaults for TS1/cmr/m/n on input line 118.
LaTeX Font Info:    ... okay on input line 118.
LaTeX Font Info:    Checking defaults for TU/lmr/m/n on input line 118.
LaTeX Font Info:    ... okay on input line 118.
LaTeX Font Info:    Checking defaults for OMX/cmex/m/n on input line 118.
LaTeX Font Info:    ... okay on input line 118.
LaTeX Font Info:    Checking defaults for U/cmr/m/n on input line 118.
LaTeX Font Info:    ... okay on input line 118.
LaTeX Font Info:    Checking defaults for PD1/pdf/m/n on input line 118.
LaTeX Font Info:    ... okay on input line 118.
LaTeX Font Info:    Checking defaults for PU/pdf/m/n on input line 118.
LaTeX Font Info:    ... okay on input line 118.
LaTeX Font Info:    Overwriting math alphabet `\mathrm' in version `normal'
(Font)                  OT1/lmr/m/n --> TU/lmr/m/n on input line 118.
LaTeX Font Info:    Overwriting math alphabet `\mathit' in version `normal'
(Font)                  OT1/lmr/m/it --> TU/lmr/m/it on input line 118.
LaTeX Font Info:    Overwriting math alphabet `\mathbf' in version `normal'
(Font)                  OT1/lmr/bx/n --> TU/lmr/bx/n on input line 118.
LaTeX Font Info:    Overwriting math alphabet `\mathsf' in version `normal'
(Font)                  OT1/lmss/m/n --> TU/lmss/m/n on input line 118.
LaTeX Font Info:    Overwriting math alphabet `\mathsf' in version `bold'
(Font)                  OT1/lmss/bx/n --> TU/lmss/bx/n on input line 118.
LaTeX Font Info:    Overwriting math alphabet `\mathtt' in version `normal'
(Font)                  OT1/lmtt/m/n --> TU/lmtt/m/n on input line 118.
LaTeX Font Info:    Overwriting math alphabet `\mathtt' in version `bold'
(Font)                  OT1/lmtt/m/n --> TU/lmtt/bx/n on input line 118.

Package fontspec Info: latinmodern-math scale = 0.9999964596882403.


Package fontspec Info: latinmodern-math scale = 0.9999964596882403.


Package fontspec Info: latinmodern-math scale = 0.9999964596882403.


Package fontspec Info: Font family 'latinmodern-math.otf(0)' created for font
(fontspec)             'latinmodern-math.otf' with options
(fontspec)             [Scale=MatchLowercase,BoldItalicFont={},ItalicFont={},Sm
allCapsFont={},Script=Math,BoldFont={latinmodern-math.otf}].
(fontspec)              
(fontspec)              This font family consists of the following NFSS
(fontspec)             series/shapes:
(fontspec)              
(fontspec)             - 'normal' (m/n) with NFSS spec.:
(fontspec)             <->s*[0.9999964596882403]"[latinmodern-math.otf]/OT:scri
pt=math;language=dflt;"
(fontspec)             - 'small caps'  (m/sc) with NFSS spec.: 
(fontspec)             - 'bold' (b/n) with NFSS spec.:
(fontspec)             <->s*[0.9999964596882403]"[latinmodern-math.otf]/OT:scri
pt=math;language=dflt;"
(fontspec)             - 'bold small caps'  (b/sc) with NFSS spec.: 

LaTeX Font Info:    Font shape `TU/latinmodern-math.otf(0)/m/n' will be
(Font)              scaled to size 10.0pt on input line 118.

Package fontspec Info: latinmodern-math scale = 0.9999964596882403.


Package fontspec Info: latinmodern-math scale = 0.9999964596882403.


Package fontspec Info: latinmodern-math scale = 0.9999964596882403.


Package fontspec Info: latinmodern-math scale = 0.9999964596882403.


Package fontspec Info: latinmodern-math scale = 0.9999964596882403.


Package fontspec Info: Font family 'latinmodern-math.otf(1)' created for font
(fontspec)             'latinmodern-math.otf' with options
(fontspec)             [Scale=MatchLowercase,BoldItalicFont={},ItalicFont={},Sm
allCapsFont={},Script=Math,SizeFeatures={{Size=8.5-},{Size=6-8.5,Font=latinmode
rn-math.otf,Style=MathScript},{Size=-6,Font=latinmodern-math.otf,Style=MathScri
ptScript}},BoldFont={latinmodern-math.otf}].
(fontspec)              
(fontspec)              This font family consists of the following NFSS
(fontspec)             series/shapes:
(fontspec)              
(fontspec)             - 'normal' (m/n) with NFSS spec.:
(fontspec)             <8.5->s*[0.9999964596882403]"[latinmodern-math.otf]/OT:s
cript=math;language=dflt;"<6-8.5>s*[0.9999964596882403]"[latinmodern-math.otf]/
OT:script=math;language=dflt;+ssty=0;"<-6>s*[0.9999964596882403]"[latinmodern-m
ath.otf]/OT:script=math;language=dflt;+ssty=1;"
(fontspec)             - 'small caps'  (m/sc) with NFSS spec.: 
(fontspec)             - 'bold' (b/n) with NFSS spec.:
(fontspec)             <->s*[0.9999964596882403]"[latinmodern-math.otf]/OT:scri
pt=math;language=dflt;"
(fontspec)             - 'bold small caps'  (b/sc) with NFSS spec.: 

LaTeX Font Info:    Font shape `TU/latinmodern-math.otf(1)/m/n' will be
(Font)              scaled to size 10.0pt on input line 118.
LaTeX Font Info:    Encoding `OT1' has changed to `TU' for symbol font
(Font)              `operators' in the math version `normal' on input line 118.

LaTeX Font Info:    Overwriting symbol font `operators' in version `normal'
(Font)                  OT1/lmr/m/n --> TU/latinmodern-math.otf(1)/m/n on input
 line 118.
LaTeX Font Info:    Encoding `OT1' has changed to `TU' for symbol font
(Font)              `operators' in the math version `bold' on input line 118.
LaTeX Font Info:    Overwriting symbol font `operators' in version `bold'
(Font)                  OT1/lmr/bx/n --> TU/latinmodern-math.otf(1)/b/n on inpu
t line 118.

Package fontspec Info: latinmodern-math scale = 0.9999964596882403.


Package fontspec Info: latinmodern-math scale = 1.000096459334209.


Package fontspec Info: latinmodern-math scale = 0.9999964596882403.


Package fontspec Info: latinmodern-math scale = 1.000096459334209.


Package fontspec Info: latinmodern-math scale = 0.9999964596882403.


Package fontspec Info: latinmodern-math scale = 1.000096459334209.


Package fontspec Info: latinmodern-math scale = 0.9999964596882403.


Package fontspec Info: latinmodern-math scale = 1.000096459334209.


Package fontspec Info: latinmodern-math scale = 0.9999964596882403.


Package fontspec Info: latinmodern-math scale = 1.000096459334209.


Package fontspec Info: Font family 'latinmodern-math.otf(2)' created for font
(fontspec)             'latinmodern-math.otf' with options
(fontspec)             [Scale=MatchLowercase,BoldItalicFont={},ItalicFont={},Sm
allCapsFont={},Script=Math,SizeFeatures={{Size=8.5-},{Size=6-8.5,Font=latinmode
rn-math.otf,Style=MathScript},{Size=-6,Font=latinmodern-math.otf,Style=MathScri
ptScript}},BoldFont={latinmodern-math.otf},ScaleAgain=1.0001,FontAdjustment={\f
ontdimen
(fontspec)             8\font =6.77pt\relax \fontdimen 9\font =3.94pt\relax
(fontspec)             \fontdimen 10\font =4.44pt\relax \fontdimen 11\font
(fontspec)             =6.86pt\relax \fontdimen 12\font =3.45pt\relax
(fontspec)             \fontdimen 13\font =3.63pt\relax \fontdimen 14\font
(fontspec)             =3.63pt\relax \fontdimen 15\font =2.89pt\relax
(fontspec)             \fontdimen 16\font =2.47pt\relax \fontdimen 17\font
(fontspec)             =2.47pt\relax \fontdimen 18\font =2.5pt\relax
(fontspec)             \fontdimen 19\font =2.0pt\relax \fontdimen 22\font
(fontspec)             =2.5pt\relax \fontdimen 20\font =0pt\relax \fontdimen
(fontspec)             21\font =0pt\relax }].
(fontspec)              
(fontspec)              This font family consists of the following NFSS
(fontspec)             series/shapes:
(fontspec)              
(fontspec)             - 'normal' (m/n) with NFSS spec.:
(fontspec)             <8.5->s*[1.000096459334209]"[latinmodern-math.otf]/OT:sc
ript=math;language=dflt;"<6-8.5>s*[1.000096459334209]"[latinmodern-math.otf]/OT
:script=math;language=dflt;+ssty=0;"<-6>s*[1.000096459334209]"[latinmodern-math
.otf]/OT:script=math;language=dflt;+ssty=1;"
(fontspec)             - 'small caps'  (m/sc) with NFSS spec.: 
(fontspec)             and font adjustment code:
(fontspec)             \fontdimen 8\font =6.77pt\relax \fontdimen 9\font
(fontspec)             =3.94pt\relax \fontdimen 10\font =4.44pt\relax
(fontspec)             \fontdimen 11\font =6.86pt\relax \fontdimen 12\font
(fontspec)             =3.45pt\relax \fontdimen 13\font =3.63pt\relax
(fontspec)             \fontdimen 14\font =3.63pt\relax \fontdimen 15\font
(fontspec)             =2.89pt\relax \fontdimen 16\font =2.47pt\relax
(fontspec)             \fontdimen 17\font =2.47pt\relax \fontdimen 18\font
(fontspec)             =2.5pt\relax \fontdimen 19\font =2.0pt\relax \fontdimen
(fontspec)             22\font =2.5pt\relax \fontdimen 20\font =0pt\relax
(fontspec)             \fontdimen 21\font =0pt\relax 
(fontspec)             - 'bold' (b/n) with NFSS spec.:
(fontspec)             <->s*[1.000096459334209]"[latinmodern-math.otf]/OT:scrip
t=math;language=dflt;"
(fontspec)             - 'bold small caps'  (b/sc) with NFSS spec.: 
(fontspec)             and font adjustment code:
(fontspec)             \fontdimen 8\font =6.77pt\relax \fontdimen 9\font
(fontspec)             =3.94pt\relax \fontdimen 10\font =4.44pt\relax
(fontspec)             \fontdimen 11\font =6.86pt\relax \fontdimen 12\font
(fontspec)             =3.45pt\relax \fontdimen 13\font =3.63pt\relax
(fontspec)             \fontdimen 14\font =3.63pt\relax \fontdimen 15\font
(fontspec)             =2.89pt\relax \fontdimen 16\font =2.47pt\relax
(fontspec)             \fontdimen 17\font =2.47pt\relax \fontdimen 18\font
(fontspec)             =2.5pt\relax \fontdimen 19\font =2.0pt\relax \fontdimen
(fontspec)             22\font =2.5pt\relax \fontdimen 20\font =0pt\relax
(fontspec)             \fontdimen 21\font =0pt\relax 

LaTeX Font Info:    Encoding `OMS' has changed to `TU' for symbol font
(Font)              `symbols' in the math version `normal' on input line 118.
LaTeX Font Info:    Overwriting symbol font `symbols' in version `normal'
(Font)                  OMS/lmsy/m/n --> TU/latinmodern-math.otf(2)/m/n on inpu
t line 118.
LaTeX Font Info:    Encoding `OMS' has changed to `TU' for symbol font
(Font)              `symbols' in the math version `bold' on input line 118.
LaTeX Font Info:    Overwriting symbol font `symbols' in version `bold'
(Font)                  OMS/lmsy/b/n --> TU/latinmodern-math.otf(2)/b/n on inpu
t line 118.

Package fontspec Info: latinmodern-math scale = 0.9999964596882403.


Package fontspec Info: latinmodern-math scale = 0.9998964600422715.


Package fontspec Info: latinmodern-math scale = 0.9999964596882403.


Package fontspec Info: latinmodern-math scale = 0.9998964600422715.


Package fontspec Info: latinmodern-math scale = 0.9999964596882403.


Package fontspec Info: latinmodern-math scale = 0.9998964600422715.


Package fontspec Info: latinmodern-math scale = 0.9999964596882403.


Package fontspec Info: latinmodern-math scale = 0.9998964600422715.


Package fontspec Info: latinmodern-math scale = 0.9999964596882403.


Package fontspec Info: latinmodern-math scale = 0.9998964600422715.


Package fontspec Info: Font family 'latinmodern-math.otf(3)' created for font
(fontspec)             'latinmodern-math.otf' with options
(fontspec)             [Scale=MatchLowercase,BoldItalicFont={},ItalicFont={},Sm
allCapsFont={},Script=Math,SizeFeatures={{Size=8.5-},{Size=6-8.5,Font=latinmode
rn-math.otf,Style=MathScript},{Size=-6,Font=latinmodern-math.otf,Style=MathScri
ptScript}},BoldFont={latinmodern-math.otf},ScaleAgain=0.9999,FontAdjustment={\f
ontdimen
(fontspec)             8\font =0.4pt\relax \fontdimen 9\font =2.0pt\relax
(fontspec)             \fontdimen 10\font =1.67pt\relax \fontdimen 11\font
(fontspec)             =1.11pt\relax \fontdimen 12\font =6.0pt\relax
(fontspec)             \fontdimen 13\font =0pt\relax }].
(fontspec)              
(fontspec)              This font family consists of the following NFSS
(fontspec)             series/shapes:
(fontspec)              
(fontspec)             - 'normal' (m/n) with NFSS spec.:
(fontspec)             <8.5->s*[0.9998964600422715]"[latinmodern-math.otf]/OT:s
cript=math;language=dflt;"<6-8.5>s*[0.9998964600422715]"[latinmodern-math.otf]/
OT:script=math;language=dflt;+ssty=0;"<-6>s*[0.9998964600422715]"[latinmodern-m
ath.otf]/OT:script=math;language=dflt;+ssty=1;"
(fontspec)             - 'small caps'  (m/sc) with NFSS spec.: 
(fontspec)             and font adjustment code:
(fontspec)             \fontdimen 8\font =0.4pt\relax \fontdimen 9\font
(fontspec)             =2.0pt\relax \fontdimen 10\font =1.67pt\relax
(fontspec)             \fontdimen 11\font =1.11pt\relax \fontdimen 12\font
(fontspec)             =6.0pt\relax \fontdimen 13\font =0pt\relax 
(fontspec)             - 'bold' (b/n) with NFSS spec.:
(fontspec)             <->s*[0.9998964600422715]"[latinmodern-math.otf]/OT:scri
pt=math;language=dflt;"
(fontspec)             - 'bold small caps'  (b/sc) with NFSS spec.: 
(fontspec)             and font adjustment code:
(fontspec)             \fontdimen 8\font =0.4pt\relax \fontdimen 9\font
(fontspec)             =2.0pt\relax \fontdimen 10\font =1.67pt\relax
(fontspec)             \fontdimen 11\font =1.11pt\relax \fontdimen 12\font
(fontspec)             =6.0pt\relax \fontdimen 13\font =0pt\relax 

LaTeX Font Info:    Encoding `OMX' has changed to `TU' for symbol font
(Font)              `largesymbols' in the math version `normal' on input line 1
18.
LaTeX Font Info:    Overwriting symbol font `largesymbols' in version `normal'
(Font)                  OMX/lmex/m/n --> TU/latinmodern-math.otf(3)/m/n on inpu
t line 118.
LaTeX Font Info:    Encoding `OMX' has changed to `TU' for symbol font
(Font)              `largesymbols' in the math version `bold' on input line 118
.
LaTeX Font Info:    Overwriting symbol font `largesymbols' in version `bold'
(Font)                  OMX/lmex/m/n --> TU/latinmodern-math.otf(3)/b/n on inpu
t line 118.
LaTeX Info: Redefining \microtypecontext on input line 118.
Package microtype Info: Character protrusion enabled (level 2).
Package microtype Info: Using protrusion set `basicmath'.
Package microtype Info: No adjustment of tracking.
Package microtype Info: No adjustment of spacing.
Package microtype Info: No adjustment of kerning.

(/usr/local/texlive/2020/texmf-dist/tex/latex/microtype/mt-LatinModernRoman.cfg
File: mt-LatinModernRoman.cfg 2013/03/13 v1.0 microtype config. file: Latin Mod
ern Roman (RS)
)
\AtBeginShipoutBox=\box55
Package hyperref Info: Link coloring OFF on input line 118.
(/usr/local/texlive/2020/texmf-dist/tex/latex/hyperref/nameref.sty
Package: nameref 2019/09/16 v2.46 Cross-referencing by name of section
(/usr/local/texlive/2020/texmf-dist/tex/latex/refcount/refcount.sty
Package: refcount 2019/12/15 v3.6 Data extraction from label references (HO)
)
(/usr/local/texlive/2020/texmf-dist/tex/generic/gettitlestring/gettitlestring.s
ty
Package: gettitlestring 2019/12/15 v1.6 Cleanup title references (HO)
)
\c@section@level=\count300
)
LaTeX Info: Redefining \ref on input line 118.
LaTeX Info: Redefining \pageref on input line 118.
LaTeX Info: Redefining \nameref on input line 118.

Package hyperref Warning: Rerun to get /PageLabels entry.

LaTeX Font Info:    Font shape `TU/latinmodern-math.otf(1)/m/n' will be
(Font)              scaled to size 12.0pt on input line 120.
LaTeX Font Info:    Font shape `TU/latinmodern-math.otf(1)/m/n' will be
(Font)              scaled to size 8.0pt on input line 120.
LaTeX Font Info:    Font shape `TU/latinmodern-math.otf(1)/m/n' will be
(Font)              scaled to size 6.0pt on input line 120.
LaTeX Font Info:    Trying to load font information for OML+lmm on input line 1
20.
(/usr/local/texlive/2020/texmf-dist/tex/latex/lm/omllmm.fd
File: omllmm.fd 2009/10/30 v1.6 Font defs for Latin Modern
)
LaTeX Font Info:    Font shape `TU/latinmodern-math.otf(2)/m/n' will be
(Font)              scaled to size 12.0011pt on input line 120.
LaTeX Font Info:    Font shape `TU/latinmodern-math.otf(2)/m/n' will be
(Font)              scaled to size 8.00073pt on input line 120.
LaTeX Font Info:    Font shape `TU/latinmodern-math.otf(2)/m/n' will be
(Font)              scaled to size 6.00055pt on input line 120.
LaTeX Font Info:    Font shape `TU/latinmodern-math.otf(3)/m/n' will be
(Font)              scaled to size 11.99872pt on input line 120.
LaTeX Font Info:    Font shape `TU/latinmodern-math.otf(3)/m/n' will be
(Font)              scaled to size 7.99915pt on input line 120.
LaTeX Font Info:    Font shape `TU/latinmodern-math.otf(3)/m/n' will be
(Font)              scaled to size 5.99936pt on input line 120.
LaTeX Font Info:    Trying to load font information for U+msa on input line 120
.
(/usr/local/texlive/2020/texmf-dist/tex/latex/amsfonts/umsa.fd
File: umsa.fd 2013/01/14 v3.01 AMS symbols A
) (/usr/local/texlive/2020/texmf-dist/tex/latex/microtype/mt-msa.cfg
File: mt-msa.cfg 2006/02/04 v1.1 microtype config. file: AMS symbols (a) (RS)
)
LaTeX Font Info:    Trying to load font information for U+msb on input line 120
.
(/usr/local/texlive/2020/texmf-dist/tex/latex/amsfonts/umsb.fd
File: umsb.fd 2013/01/14 v3.01 AMS symbols B
) (/usr/local/texlive/2020/texmf-dist/tex/latex/microtype/mt-msb.cfg
File: mt-msb.cfg 2005/06/01 v1.0 microtype config. file: AMS symbols (b) (RS)
) [1


] [2

]
\tf@toc=\write4
\openout4 = `adv_epi_analysis.toc'.

[3] [4

]
Chapter 1.
[5] [6

]
Chapter 2.
[7]
Underfull \vbox (badness 1460) has occurred while \output is active []

[8]
LaTeX Font Info:    Font shape `TU/latinmodern-math.otf(1)/m/n' will be
(Font)              scaled to size 7.0pt on input line 271.
LaTeX Font Info:    Font shape `TU/latinmodern-math.otf(1)/m/n' will be
(Font)              scaled to size 5.0pt on input line 271.
LaTeX Font Info:    Font shape `TU/latinmodern-math.otf(2)/m/n' will be
(Font)              scaled to size 10.00092pt on input line 271.
LaTeX Font Info:    Font shape `TU/latinmodern-math.otf(2)/m/n' will be
(Font)              scaled to size 7.00064pt on input line 271.
LaTeX Font Info:    Font shape `TU/latinmodern-math.otf(2)/m/n' will be
(Font)              scaled to size 5.00046pt on input line 271.
LaTeX Font Info:    Font shape `TU/latinmodern-math.otf(3)/m/n' will be
(Font)              scaled to size 9.99893pt on input line 271.
LaTeX Font Info:    Font shape `TU/latinmodern-math.otf(3)/m/n' will be
(Font)              scaled to size 6.99925pt on input line 271.
LaTeX Font Info:    Font shape `TU/latinmodern-math.otf(3)/m/n' will be
(Font)              scaled to size 4.99947pt on input line 271.
[9] [10]
Chapter 3.

Package natbib Warning: Citation `vicedo2019hands' on page 11 undefined on inpu
t line 316.


Package natbib Warning: Citation `armstrong2014conditional' on page 11 undefine
d on input line 319.


Package natbib Warning: Citation `vicedo2019hands' on page 11 undefined on inpu
t line 327.

LaTeX Font Info:    Font shape `TU/lmtt/bx/n' in size <10> not available
(Font)              Font shape `TU/lmtt/b/n' tried instead on input line 337.

Overfull \hbox (80.25pt too wide) in paragraph at lines 359--359
[]\TU/lmtt/m/n/10 ##    date        year month   day   doy dow     all all_0_64
 all_65_74 all_75_84[] 
 []


Overfull \hbox (80.25pt too wide) in paragraph at lines 359--359
[]\TU/lmtt/m/n/10 ##    <date>     <dbl> <dbl> <dbl> <dbl> <chr> <dbl>    <dbl>
     <dbl>     <dbl>[] 
 []


Overfull \hbox (80.25pt too wide) in paragraph at lines 359--359
[]\TU/lmtt/m/n/10 ##  1 1990-01-01  1990     1     1     1 Mon     220       38
        38        82[] 
 []


Overfull \hbox (80.25pt too wide) in paragraph at lines 359--359
[]\TU/lmtt/m/n/10 ##  2 1990-01-02  1990     1     2     2 Tue     257       50
        67        87[] 
 []

[11

]
Overfull \hbox (80.25pt too wide) in paragraph at lines 359--359
[]\TU/lmtt/m/n/10 ##  3 1990-01-03  1990     1     3     3 Wed     245       39
        59        86[] 
 []


Overfull \hbox (80.25pt too wide) in paragraph at lines 359--359
[]\TU/lmtt/m/n/10 ##  4 1990-01-04  1990     1     4     4 Thu     226       41
        45        77[] 
 []


Overfull \hbox (80.25pt too wide) in paragraph at lines 359--359
[]\TU/lmtt/m/n/10 ##  5 1990-01-05  1990     1     5     5 Fri     236       45
        54        85[] 
 []


Overfull \hbox (80.25pt too wide) in paragraph at lines 359--359
[]\TU/lmtt/m/n/10 ##  6 1990-01-06  1990     1     6     6 Sat     235       48
        48        84[] 
 []


Overfull \hbox (80.25pt too wide) in paragraph at lines 359--359
[]\TU/lmtt/m/n/10 ##  7 1990-01-07  1990     1     7     7 Sun     231       38
        49        96[] 
 []


Overfull \hbox (80.25pt too wide) in paragraph at lines 359--359
[]\TU/lmtt/m/n/10 ##  8 1990-01-08  1990     1     8     8 Mon     235       46
        57        76[] 
 []


Overfull \hbox (80.25pt too wide) in paragraph at lines 359--359
[]\TU/lmtt/m/n/10 ##  9 1990-01-09  1990     1     9     9 Tue     250       48
        54        96[] 
 []


Overfull \hbox (80.25pt too wide) in paragraph at lines 359--359
[]\TU/lmtt/m/n/10 ## 10 1990-01-10  1990     1    10    10 Wed     214       44
        46        62[] 
 []


Overfull \hbox (22.5pt too wide) in paragraph at lines 359--359
[]\TU/lmtt/m/n/10 ## # ... with 8,269 more rows, and 4 more variables: all_85pl
us <dbl>,[] 
 []

[12]

Package natbib Warning: Citation `wickham2016r' on page 13 undefined on input l
ine 411.


Package natbib Warning: Citation `healy2018data' on page 13 undefined on input 
line 416.


Package natbib Warning: Citation `chang2018r' on page 13 undefined on input lin
e 416.

[13]
Overfull \hbox (22.5pt too wide) in paragraph at lines 557--557
[]\TU/lmtt/m/n/10 ##  Min.   :1990-01-01   Min.   :1990   Min.   : 1.000   Min.
   : 1.00[] 
 []


Overfull \hbox (22.5pt too wide) in paragraph at lines 557--557
[]\TU/lmtt/m/n/10 ##  1st Qu.:1995-09-01   1st Qu.:1995   1st Qu.: 3.000   1st 
Qu.: 8.00[] 
 []


Overfull \hbox (22.5pt too wide) in paragraph at lines 557--557
[]\TU/lmtt/m/n/10 ##  Median :2001-05-02   Median :2001   Median : 6.000   Medi
an :16.00[] 
 []


Overfull \hbox (22.5pt too wide) in paragraph at lines 557--557
[]\TU/lmtt/m/n/10 ##  Mean   :2001-05-02   Mean   :2001   Mean   : 6.464   Mean
   :15.73[] 
 []


Overfull \hbox (22.5pt too wide) in paragraph at lines 557--557
[]\TU/lmtt/m/n/10 ##  3rd Qu.:2006-12-31   3rd Qu.:2006   3rd Qu.: 9.000   3rd 
Qu.:23.00[] 
 []


Overfull \hbox (22.5pt too wide) in paragraph at lines 557--557
[]\TU/lmtt/m/n/10 ##  Max.   :2012-08-31   Max.   :2012   Max.   :12.000   Max.
   :31.00[] 
 []


Overfull \hbox (1.5pt too wide) in paragraph at lines 557--557
[]\TU/lmtt/m/n/10 ##       doy            dow                 all           all
_0_64[] 
 []


Overfull \hbox (6.75pt too wide) in paragraph at lines 557--557
[]\TU/lmtt/m/n/10 ##  Min.   :  1.0   Length:8279        Min.   : 81.0   Min.  
 : 9.0[] 
 []


Overfull \hbox (6.75pt too wide) in paragraph at lines 557--557
[]\TU/lmtt/m/n/10 ##  1st Qu.: 90.5   Class :character   1st Qu.:138.0   1st Qu
.:27.0[] 
 []


Overfull \hbox (6.75pt too wide) in paragraph at lines 557--557
[]\TU/lmtt/m/n/10 ##  Median :180.0   Mode  :character   Median :157.0   Median
 :32.0[] 
 []


Overfull \hbox (6.75pt too wide) in paragraph at lines 557--557
[]\TU/lmtt/m/n/10 ##  Mean   :181.3                      Mean   :160.2   Mean  
 :32.4[] 
 []


Overfull \hbox (6.75pt too wide) in paragraph at lines 557--557
[]\TU/lmtt/m/n/10 ##  3rd Qu.:272.0                      3rd Qu.:178.0   3rd Qu
.:37.0[] 
 []


Overfull \hbox (6.75pt too wide) in paragraph at lines 557--557
[]\TU/lmtt/m/n/10 ##  Max.   :366.0                      Max.   :363.0   Max.  
 :64.0[] 
 []


Overfull \hbox (12.0pt too wide) in paragraph at lines 557--557
[]\TU/lmtt/m/n/10 ##  Min.   : 6.00   Min.   : 17.00   Min.   : 17.00   Min.   
:-5.503[] 
 []


Overfull \hbox (12.0pt too wide) in paragraph at lines 557--557
[]\TU/lmtt/m/n/10 ##  1st Qu.:23.00   1st Qu.: 41.00   1st Qu.: 39.00   1st Qu.
: 7.470[] 
 []


Overfull \hbox (12.0pt too wide) in paragraph at lines 557--557
[]\TU/lmtt/m/n/10 ##  Median :29.00   Median : 49.00   Median : 45.00   Median 
:11.465[] 
 []


Overfull \hbox (12.0pt too wide) in paragraph at lines 557--557
[]\TU/lmtt/m/n/10 ##  Mean   :30.45   Mean   : 50.65   Mean   : 46.68   Mean   
:11.614[] 
 []


Overfull \hbox (12.0pt too wide) in paragraph at lines 557--557
[]\TU/lmtt/m/n/10 ##  3rd Qu.:37.00   3rd Qu.: 58.00   3rd Qu.: 53.00   3rd Qu.
:15.931[] 
 []


Overfull \hbox (12.0pt too wide) in paragraph at lines 557--557
[]\TU/lmtt/m/n/10 ##  Max.   :70.00   Max.   :138.00   Max.   :128.00   Max.   
:29.143[] 
 []

[14]
File: adv_epi_analysis_files/figure-latex/unnamed-chunk-8-1.pdf Graphic file (t
ype pdf)
<use adv_epi_analysis_files/figure-latex/unnamed-chunk-8-1.pdf>

Underfull \vbox (badness 10000) has occurred while \output is active []

[15]
File: adv_epi_analysis_files/figure-latex/unnamed-chunk-9-1.pdf Graphic file (t
ype pdf)
<use adv_epi_analysis_files/figure-latex/unnamed-chunk-9-1.pdf>

Underfull \vbox (badness 10000) has occurred while \output is active []

[16] [17]
File: adv_epi_analysis_files/figure-latex/unnamed-chunk-10-1.pdf Graphic file (
type pdf)
<use adv_epi_analysis_files/figure-latex/unnamed-chunk-10-1.pdf>
File: adv_epi_analysis_files/figure-latex/unnamed-chunk-11-1.pdf Graphic file (
type pdf)
<use adv_epi_analysis_files/figure-latex/unnamed-chunk-11-1.pdf>

Underfull \vbox (badness 10000) has occurred while \output is active []

[18]
File: adv_epi_analysis_files/figure-latex/unnamed-chunk-12-1.pdf Graphic file (
type pdf)
<use adv_epi_analysis_files/figure-latex/unnamed-chunk-12-1.pdf>

Underfull \vbox (badness 10000) has occurred while \output is active []

[19]
File: adv_epi_analysis_files/figure-latex/unnamed-chunk-13-1.pdf Graphic file (
type pdf)
<use adv_epi_analysis_files/figure-latex/unnamed-chunk-13-1.pdf>

Underfull \vbox (badness 10000) has occurred while \output is active []

[20]
Overfull \hbox (17.25pt too wide) in paragraph at lines 758--758
[]\TU/lmtt/m/n/10 ## []summarise()[] ungrouping output (override with [].groups
[] argument)[] 
 []

File: adv_epi_analysis_files/figure-latex/unnamed-chunk-14-1.pdf Graphic file (
type pdf)
<use adv_epi_analysis_files/figure-latex/unnamed-chunk-14-1.pdf>

Underfull \vbox (badness 10000) has occurred while \output is active []

[21] [22]
Overfull \hbox (17.25pt too wide) in paragraph at lines 852--852
[]\TU/lmtt/m/n/10 ## []summarise()[] ungrouping output (override with [].groups
[] argument)[] 
 []


Overfull \hbox (75.0pt too wide) in paragraph at lines 865--865
[]\TU/lmtt/m/n/10 ##   dow   []mean(all)[] []median(all)[] []quantile(all, 0.25
)[] []quantile(all, 0.75)[][] 
 []


Overfull \hbox (75.0pt too wide) in paragraph at lines 865--865
[]\TU/lmtt/m/n/10 ##   <ord>       <dbl>         <dbl>                 <dbl>   
              <dbl>[] 
 []


Overfull \hbox (75.0pt too wide) in paragraph at lines 865--865
[]\TU/lmtt/m/n/10 ## 1 Sun          156.           154                  136    
                173[] 
 []


Overfull \hbox (75.0pt too wide) in paragraph at lines 865--865
[]\TU/lmtt/m/n/10 ## 2 Mon          161.           159                  138    
                179[] 
 []


Overfull \hbox (75.0pt too wide) in paragraph at lines 865--865
[]\TU/lmtt/m/n/10 ## 3 Tue          161.           158                  139    
                179[] 
 []


Overfull \hbox (75.0pt too wide) in paragraph at lines 865--865
[]\TU/lmtt/m/n/10 ## 4 Wed          160.           157                  138.   
                179[] 
 []


Overfull \hbox (75.0pt too wide) in paragraph at lines 865--865
[]\TU/lmtt/m/n/10 ## 5 Thu          161.           158                  139    
                179[] 
 []


Overfull \hbox (75.0pt too wide) in paragraph at lines 865--865
[]\TU/lmtt/m/n/10 ## 6 Fri          162.           159                  141    
                179[] 
 []


Overfull \hbox (75.0pt too wide) in paragraph at lines 865--865
[]\TU/lmtt/m/n/10 ## 7 Sat          159.           156                  137    
                178[] 
 []


Overfull \hbox (17.25pt too wide) in paragraph at lines 885--885
[]\TU/lmtt/m/n/10 ## []summarise()[] ungrouping output (override with [].groups
[] argument)[] 
 []


Overfull \hbox (90.75pt too wide) in paragraph at lines 898--898
[]\TU/lmtt/m/n/10 ##   dow   []mean(tmean)[] []median(tmean)[] []quantile(tmean
, 0.2~ []quantile(tmean, 0.~[] 
 []


Overfull \hbox (90.75pt too wide) in paragraph at lines 898--898
[]\TU/lmtt/m/n/10 ##   <ord>         <dbl>           <dbl>                 <dbl
>                <dbl>[] 
 []

[23]
Overfull \hbox (90.75pt too wide) in paragraph at lines 898--898
[]\TU/lmtt/m/n/10 ## 1 Sun            11.6            11.3                  7.4
8                 15.9[] 
 []


Overfull \hbox (90.75pt too wide) in paragraph at lines 898--898
[]\TU/lmtt/m/n/10 ## 2 Mon            11.6            11.4                  7.3
3                 15.8[] 
 []


Overfull \hbox (90.75pt too wide) in paragraph at lines 898--898
[]\TU/lmtt/m/n/10 ## 3 Tue            11.5            11.4                  7.4
8                 15.9[] 
 []


Overfull \hbox (90.75pt too wide) in paragraph at lines 898--898
[]\TU/lmtt/m/n/10 ## 4 Wed            11.7            11.7                  7.6
4                 16.0[] 
 []


Overfull \hbox (90.75pt too wide) in paragraph at lines 898--898
[]\TU/lmtt/m/n/10 ## 5 Thu            11.6            11.5                  7.5
7                 16.0[] 
 []


Overfull \hbox (90.75pt too wide) in paragraph at lines 898--898
[]\TU/lmtt/m/n/10 ## 6 Fri            11.6            11.6                  7.4
1                 15.8[] 
 []


Overfull \hbox (90.75pt too wide) in paragraph at lines 898--898
[]\TU/lmtt/m/n/10 ## 7 Sat            11.6            11.5                  7.5
3                 15.9[] 
 []

File: adv_epi_analysis_files/figure-latex/unnamed-chunk-19-1.pdf Graphic file (
type pdf)
<use adv_epi_analysis_files/figure-latex/unnamed-chunk-19-1.pdf>
File: adv_epi_analysis_files/figure-latex/unnamed-chunk-20-1.pdf Graphic file (
type pdf)
<use adv_epi_analysis_files/figure-latex/unnamed-chunk-20-1.pdf>

Underfull \vbox (badness 10000) has occurred while \output is active []

[24]

Package natbib Warning: Citation `vicedo2019hands' on page 25 undefined on inpu
t line 928.

[25]

Package natbib Warning: Citation `vicedo2019hands' on page 26 undefined on inpu
t line 966.

Package microtype Info: Loading generic protrusion settings for font family
(microtype)             `lmss' (encoding: TU).
(microtype)             For optimal results, create family-specific settings.
(microtype)             See the microtype manual for details.
[26] [27] [28]
Overfull \hbox (1.5pt too wide) in paragraph at lines 1154--1154
[]\TU/lmtt/m/n/10 ## (Dispersion parameter for gaussian family taken to be 817.
4629)[] 
 []


Package natbib Warning: Citation `wickham2016r' on page 29 undefined on input l
ine 1165.


Overfull \hbox (48.75pt too wide) in paragraph at lines 1190--1190
[]\TU/lmtt/m/n/10 ##   null.deviance df.null  logLik    AIC    BIC deviance df.
residual  nobs[] 
 []


Overfull \hbox (48.75pt too wide) in paragraph at lines 1190--1190
[]\TU/lmtt/m/n/10 ##           <dbl>   <int>   <dbl>  <dbl>  <dbl>    <dbl>    
   <int> <int>[] 
 []


Overfull \hbox (48.75pt too wide) in paragraph at lines 1190--1190
[]\TU/lmtt/m/n/10 ## 1      8161196.    8278 -39507. 79019. 79041. 6766140.    
    8277  8279[] 
 []

[29]
Overfull \hbox (12.0pt too wide) in paragraph at lines 1236--1236
[]\TU/lmtt/m/n/10 ##      all tmean .fitted .resid .std.resid     .hat .sigma  
.cooksd[] 
 []


Overfull \hbox (12.0pt too wide) in paragraph at lines 1236--1236
[]\TU/lmtt/m/n/10 ##    <dbl> <dbl>   <dbl>  <dbl>      <dbl>    <dbl>  <dbl>  
  <dbl>[] 
 []


Overfull \hbox (12.0pt too wide) in paragraph at lines 1236--1236
[]\TU/lmtt/m/n/10 ##  1   220  3.91    178.   41.6       1.46 0.000359   28.6 0
.000380[] 
 []


Overfull \hbox (6.75pt too wide) in paragraph at lines 1236--1236
[]\TU/lmtt/m/n/10 ##  2   257  5.55    175.   82.5       2.89 0.000268   28.6 0
.00112[] 
 []


Overfull \hbox (12.0pt too wide) in paragraph at lines 1236--1236
[]\TU/lmtt/m/n/10 ##  3   245  4.39    177.   67.7       2.37 0.000330   28.6 0
.000928[] 
 []


Overfull \hbox (12.0pt too wide) in paragraph at lines 1236--1236
[]\TU/lmtt/m/n/10 ##  4   226  5.43    175.   51.2       1.79 0.000274   28.6 0
.000440[] 
 []


Overfull \hbox (12.0pt too wide) in paragraph at lines 1236--1236
[]\TU/lmtt/m/n/10 ##  5   236  6.87    171.   64.6       2.26 0.000211   28.6 0
.000539[] 
 []


Overfull \hbox (12.0pt too wide) in paragraph at lines 1236--1236
[]\TU/lmtt/m/n/10 ##  6   235  9.23    166.   69.2       2.42 0.000144   28.6 0
.000420[] 
 []


Overfull \hbox (12.0pt too wide) in paragraph at lines 1236--1236
[]\TU/lmtt/m/n/10 ##  7   231  6.69    172.   59.2       2.07 0.000218   28.6 0
.000467[] 
 []


Overfull \hbox (12.0pt too wide) in paragraph at lines 1236--1236
[]\TU/lmtt/m/n/10 ##  8   235  7.96    169.   66.2       2.31 0.000174   28.6 0
.000467[] 
 []


Overfull \hbox (12.0pt too wide) in paragraph at lines 1236--1236
[]\TU/lmtt/m/n/10 ##  9   250  7.27    170.   79.5       2.78 0.000197   28.6 0
.000761[] 
 []


Overfull \hbox (12.0pt too wide) in paragraph at lines 1236--1236
[]\TU/lmtt/m/n/10 ## 10   214  9.51    165.   48.9       1.71 0.000139   28.6 0
.000202[] 
 []

File: adv_epi_analysis_files/figure-latex/unnamed-chunk-27-1.pdf Graphic file (
type pdf)
<use adv_epi_analysis_files/figure-latex/unnamed-chunk-27-1.pdf>

Underfull \vbox (badness 10000) has occurred while \output is active []

[30]

Package natbib Warning: Citation `robinson2014broom' on page 31 undefined on in
put line 1255.


Package natbib Warning: Citation `wickham2016r' on page 31 undefined on input l
ine 1257.

Missing character: There is no  in font [lmsans10-regular]:mapping=tex-text;!
[31]
File: adv_epi_analysis_files/figure-latex/unnamed-chunk-30-1.pdf Graphic file (
type pdf)
<use adv_epi_analysis_files/figure-latex/unnamed-chunk-30-1.pdf>

Underfull \vbox (badness 10000) has occurred while \output is active []

[32]
File: adv_epi_analysis_files/figure-latex/unnamed-chunk-31-1.pdf Graphic file (
type pdf)
<use adv_epi_analysis_files/figure-latex/unnamed-chunk-31-1.pdf>

Underfull \vbox (badness 10000) has occurred while \output is active []

[33]
Overfull \hbox (1.5pt too wide) in paragraph at lines 1427--1427
[]\TU/lmtt/m/n/10 ## glm(formula = all ~ tmean, family = "quasipoisson", data =
 obs)[] 
 []

[34]
Overfull \hbox (22.5pt too wide) in paragraph at lines 1427--1427
[]\TU/lmtt/m/n/10 ## (Dispersion parameter for quasipoisson family taken to be 
5.006304)[] 
 []

[35]
Overfull \hbox (101.25pt too wide) in paragraph at lines 1545--1545
[]\TU/lmtt/m/n/10 ## glm(formula = all ~ tmean + factor(dow, ordered = FALSE), 
family = "quasipoisson",[] 
 []


Overfull \hbox (38.25pt too wide) in paragraph at lines 1545--1545
[]\TU/lmtt/m/n/10 ##                                   Estimate Std. Error t va
lue Pr(>|t|)[] 
 []


Overfull \hbox (59.25pt too wide) in paragraph at lines 1545--1545
[]\TU/lmtt/m/n/10 ## (Intercept)                      5.2208502  0.0065277 799.
804  < 2e-16 ***[] 
 []


Overfull \hbox (59.25pt too wide) in paragraph at lines 1545--1545
[]\TU/lmtt/m/n/10 ## tmean                           -0.0147723  0.0003538 -41.
750  < 2e-16 ***[] 
 []


Overfull \hbox (59.25pt too wide) in paragraph at lines 1545--1545
[]\TU/lmtt/m/n/10 ## factor(dow, ordered = FALSE)Mon  0.0299282  0.0072910   4.
105 4.08e-05 ***[] 
 []


Overfull \hbox (59.25pt too wide) in paragraph at lines 1545--1545
[]\TU/lmtt/m/n/10 ## factor(dow, ordered = FALSE)Tue  0.0292575  0.0072920   4.
012 6.07e-05 ***[] 
 []


Overfull \hbox (59.25pt too wide) in paragraph at lines 1545--1545
[]\TU/lmtt/m/n/10 ## factor(dow, ordered = FALSE)Wed  0.0255224  0.0073020   3.
495 0.000476 ***[] 
 []


Overfull \hbox (59.25pt too wide) in paragraph at lines 1545--1545
[]\TU/lmtt/m/n/10 ## factor(dow, ordered = FALSE)Thu  0.0269580  0.0072985   3.
694 0.000222 ***[] 
 []


Overfull \hbox (59.25pt too wide) in paragraph at lines 1545--1545
[]\TU/lmtt/m/n/10 ## factor(dow, ordered = FALSE)Fri  0.0355431  0.0072834   4.
880 1.08e-06 ***[] 
 []


Overfull \hbox (48.75pt too wide) in paragraph at lines 1545--1545
[]\TU/lmtt/m/n/10 ## factor(dow, ordered = FALSE)Sat  0.0181489  0.0073158   2.
481 0.013129 *[] 
 []

[36]
Overfull \hbox (22.5pt too wide) in paragraph at lines 1545--1545
[]\TU/lmtt/m/n/10 ## (Dispersion parameter for quasipoisson family taken to be 
4.992004)[] 
 []

File: adv_epi_analysis_files/figure-latex/unnamed-chunk-37-1.pdf Graphic file (
type pdf)
<use adv_epi_analysis_files/figure-latex/unnamed-chunk-37-1.pdf>
[37]
File: adv_epi_analysis_files/figure-latex/unnamed-chunk-38-1.pdf Graphic file (
type pdf)
<use adv_epi_analysis_files/figure-latex/unnamed-chunk-38-1.pdf>
[38] [39] [40

]
Chapter 4.

Package natbib Warning: Citation `vicedo2019hands' on page 41 undefined on inpu
t line 1652.


Package natbib Warning: Citation `armstrong2014conditional' on page 41 undefine
d on input line 1655.

[41]

Package natbib Warning: Citation `vicedo2019hands' on page 42 undefined on inpu
t line 1704.


Package natbib Warning: Citation `vicedo2019hands' on page 42 undefined on inpu
t line 1710.

[42] [43]
File: adv_epi_analysis_files/figure-latex/unnamed-chunk-44-1.pdf Graphic file (
type pdf)
<use adv_epi_analysis_files/figure-latex/unnamed-chunk-44-1.pdf>

Underfull \vbox (badness 10000) has occurred while \output is active []

[44]
File: adv_epi_analysis_files/figure-latex/unnamed-chunk-46-1.pdf Graphic file (
type pdf)
<use adv_epi_analysis_files/figure-latex/unnamed-chunk-46-1.pdf>

Underfull \vbox (badness 10000) has occurred while \output is active []

[45] [46]
File: adv_epi_analysis_files/figure-latex/unnamed-chunk-48-1.pdf Graphic file (
type pdf)
<use adv_epi_analysis_files/figure-latex/unnamed-chunk-48-1.pdf>
[47]
File: adv_epi_analysis_files/figure-latex/unnamed-chunk-49-1.pdf Graphic file (
type pdf)
<use adv_epi_analysis_files/figure-latex/unnamed-chunk-49-1.pdf>
File: adv_epi_analysis_files/figure-latex/unnamed-chunk-50-1.pdf Graphic file (
type pdf)
<use adv_epi_analysis_files/figure-latex/unnamed-chunk-50-1.pdf>

Underfull \vbox (badness 10000) has occurred while \output is active []

[48] [49] [50]
File: adv_epi_analysis_files/figure-latex/unnamed-chunk-57-1.pdf Graphic file (
type pdf)
<use adv_epi_analysis_files/figure-latex/unnamed-chunk-57-1.pdf>

Underfull \vbox (badness 10000) has occurred while \output is active []

[51] [52]
Chapter 5.
[53

] [54

]
Chapter 6.
[55] [56

]
Chapter 7.

Package natbib Warning: Citation `andersson201970' on page 57 undefined on inpu
t line 2223.


Package natbib Warning: Citation `wong1989risk' on page 57 undefined on input l
ine 2225.


Package natbib Warning: Citation `clark2003survival' on page 57 undefined on in
put line 2233.


Package natbib Warning: Citation `bradburn2003survival' on page 57 undefined on
 input line 2235.


Package natbib Warning: Citation `bradburn2003survival2' on page 57 undefined o
n input line 2237.


Overfull \hbox (90.75pt too wide) in paragraph at lines 2278--2278
[]\TU/lmtt/m/n/10 ##    RANDID   SEX TOTCHOL   AGE SYSBP DIABP CURSMOKE CIGPDAY
   BMI DIABETES BPMEDS[] 
 []


Overfull \hbox (90.75pt too wide) in paragraph at lines 2278--2278
[]\TU/lmtt/m/n/10 ##     <dbl> <dbl>   <dbl> <dbl> <dbl> <dbl>    <dbl>   <dbl>
 <dbl>    <dbl>  <dbl>[] 
 []

[57]
Overfull \hbox (90.75pt too wide) in paragraph at lines 2278--2278
[]\TU/lmtt/m/n/10 ##  1   2448     1     195    39  106   70          0       0
  27.0        0      0[] 
 []


Overfull \hbox (90.75pt too wide) in paragraph at lines 2278--2278
[]\TU/lmtt/m/n/10 ##  2   2448     1     209    52  121   66          0       0
  NA          0      0[] 
 []


Overfull \hbox (90.75pt too wide) in paragraph at lines 2278--2278
[]\TU/lmtt/m/n/10 ##  3   6238     2     250    46  121   81          0       0
  28.7        0      0[] 
 []


Overfull \hbox (90.75pt too wide) in paragraph at lines 2278--2278
[]\TU/lmtt/m/n/10 ##  4   6238     2     260    52  105   69.5        0       0
  29.4        0      0[] 
 []


Overfull \hbox (90.75pt too wide) in paragraph at lines 2278--2278
[]\TU/lmtt/m/n/10 ##  5   6238     2     237    58  108   66          0       0
  28.5        0      0[] 
 []


Overfull \hbox (90.75pt too wide) in paragraph at lines 2278--2278
[]\TU/lmtt/m/n/10 ##  6   9428     1     245    48  128.  80          1      20
  25.3        0      0[] 
 []


Overfull \hbox (90.75pt too wide) in paragraph at lines 2278--2278
[]\TU/lmtt/m/n/10 ##  7   9428     1     283    54  141   89          1      30
  25.3        0      0[] 
 []


Overfull \hbox (90.75pt too wide) in paragraph at lines 2278--2278
[]\TU/lmtt/m/n/10 ##  8  10552     2     225    61  150   95          1      30
  28.6        0      0[] 
 []


Overfull \hbox (90.75pt too wide) in paragraph at lines 2278--2278
[]\TU/lmtt/m/n/10 ##  9  10552     2     232    67  183  109          1      20
  30.2        0      0[] 
 []


Overfull \hbox (90.75pt too wide) in paragraph at lines 2278--2278
[]\TU/lmtt/m/n/10 ## 10  11252     2     285    46  130   84          1      23
  23.1        0      0[] 
 []


Overfull \hbox (22.5pt too wide) in paragraph at lines 2278--2278
[]\TU/lmtt/m/n/10 ## # ... with 11,617 more rows, and 28 more variables: HEARTR
TE <dbl>,[] 
 []


Overfull \hbox (54.0pt too wide) in paragraph at lines 2278--2278
[]\TU/lmtt/m/n/10 ## #   GLUCOSE <dbl>, educ <dbl>, PREVCHD <dbl>, PREVAP <dbl>
, PREVMI <dbl>,[] 
 []


Overfull \hbox (48.75pt too wide) in paragraph at lines 2278--2278
[]\TU/lmtt/m/n/10 ## #   PREVSTRK <dbl>, PREVHYP <dbl>, TIME <dbl>, PERIOD <dbl
>, HDLC <dbl>,[] 
 []


Overfull \hbox (43.5pt too wide) in paragraph at lines 2278--2278
[]\TU/lmtt/m/n/10 ## #   LDLC <dbl>, DEATH <dbl>, ANGINA <dbl>, HOSPMI <dbl>, M
I_FCHD <dbl>,[] 
 []


Overfull \hbox (48.75pt too wide) in paragraph at lines 2278--2278
[]\TU/lmtt/m/n/10 ## #   ANYCHD <dbl>, STROKE <dbl>, CVD <dbl>, HYPERTEN <dbl>,
 TIMEAP <dbl>,[] 
 []


Overfull \hbox (85.5pt too wide) in paragraph at lines 2278--2278
[]\TU/lmtt/m/n/10 ## #   TIMEMI <dbl>, TIMEMIFC <dbl>, TIMECHD <dbl>, TIMESTRK 
<dbl>, TIMECVD <dbl>,[] 
 []


Underfull \vbox (badness 7685) has occurred while \output is active []

[58]
Overfull \hbox (90.75pt too wide) in paragraph at lines 2330--2330
[]\TU/lmtt/m/n/10 ##    randid   sex totchol   age sysbp diabp cursmoke cigpday
   bmi diabetes bpmeds[] 
 []


Overfull \hbox (90.75pt too wide) in paragraph at lines 2330--2330
[]\TU/lmtt/m/n/10 ##     <dbl> <dbl>   <dbl> <dbl> <dbl> <dbl>    <dbl>   <dbl>
 <dbl>    <dbl>  <dbl>[] 
 []


Overfull \hbox (90.75pt too wide) in paragraph at lines 2330--2330
[]\TU/lmtt/m/n/10 ##  1   2448     1     195    39  106   70          0       0
  27.0        0      0[] 
 []


Overfull \hbox (90.75pt too wide) in paragraph at lines 2330--2330
[]\TU/lmtt/m/n/10 ##  2   2448     1     209    52  121   66          0       0
  NA          0      0[] 
 []


Overfull \hbox (90.75pt too wide) in paragraph at lines 2330--2330
[]\TU/lmtt/m/n/10 ##  3   6238     2     250    46  121   81          0       0
  28.7        0      0[] 
 []


Overfull \hbox (90.75pt too wide) in paragraph at lines 2330--2330
[]\TU/lmtt/m/n/10 ##  4   6238     2     260    52  105   69.5        0       0
  29.4        0      0[] 
 []


Overfull \hbox (90.75pt too wide) in paragraph at lines 2330--2330
[]\TU/lmtt/m/n/10 ##  5   6238     2     237    58  108   66          0       0
  28.5        0      0[] 
 []


Overfull \hbox (90.75pt too wide) in paragraph at lines 2330--2330
[]\TU/lmtt/m/n/10 ##  6   9428     1     245    48  128.  80          1      20
  25.3        0      0[] 
 []


Overfull \hbox (90.75pt too wide) in paragraph at lines 2330--2330
[]\TU/lmtt/m/n/10 ##  7   9428     1     283    54  141   89          1      30
  25.3        0      0[] 
 []


Overfull \hbox (90.75pt too wide) in paragraph at lines 2330--2330
[]\TU/lmtt/m/n/10 ##  8  10552     2     225    61  150   95          1      30
  28.6        0      0[] 
 []


Overfull \hbox (90.75pt too wide) in paragraph at lines 2330--2330
[]\TU/lmtt/m/n/10 ##  9  10552     2     232    67  183  109          1      20
  30.2        0      0[] 
 []


Overfull \hbox (90.75pt too wide) in paragraph at lines 2330--2330
[]\TU/lmtt/m/n/10 ## 10  11252     2     285    46  130   84          1      23
  23.1        0      0[] 
 []


Overfull \hbox (22.5pt too wide) in paragraph at lines 2330--2330
[]\TU/lmtt/m/n/10 ## # ... with 11,617 more rows, and 28 more variables: heartr
te <dbl>,[] 
 []


Overfull \hbox (54.0pt too wide) in paragraph at lines 2330--2330
[]\TU/lmtt/m/n/10 ## #   glucose <dbl>, educ <dbl>, prevchd <dbl>, prevap <dbl>
, prevmi <dbl>,[] 
 []


Overfull \hbox (48.75pt too wide) in paragraph at lines 2330--2330
[]\TU/lmtt/m/n/10 ## #   prevstrk <dbl>, prevhyp <dbl>, time <dbl>, period <dbl
>, hdlc <dbl>,[] 
 []


Overfull \hbox (43.5pt too wide) in paragraph at lines 2330--2330
[]\TU/lmtt/m/n/10 ## #   ldlc <dbl>, death <dbl>, angina <dbl>, hospmi <dbl>, m
i_fchd <dbl>,[] 
 []


Overfull \hbox (48.75pt too wide) in paragraph at lines 2330--2330
[]\TU/lmtt/m/n/10 ## #   anychd <dbl>, stroke <dbl>, cvd <dbl>, hyperten <dbl>,
 timeap <dbl>,[] 
 []


Overfull \hbox (85.5pt too wide) in paragraph at lines 2330--2330
[]\TU/lmtt/m/n/10 ## #   timemi <dbl>, timemifc <dbl>, timechd <dbl>, timestrk 
<dbl>, timecvd <dbl>,[] 
 []

[59] [60]
File: adv_epi_analysis_files/figure-latex/unnamed-chunk-64-1.pdf Graphic file (
type pdf)
<use adv_epi_analysis_files/figure-latex/unnamed-chunk-64-1.pdf>
[61]
File: adv_epi_analysis_files/figure-latex/unnamed-chunk-65-1.pdf Graphic file (
type pdf)
<use adv_epi_analysis_files/figure-latex/unnamed-chunk-65-1.pdf>
File: adv_epi_analysis_files/figure-latex/unnamed-chunk-66-1.pdf Graphic file (
type pdf)
<use adv_epi_analysis_files/figure-latex/unnamed-chunk-66-1.pdf>

Underfull \vbox (badness 10000) has occurred while \output is active []

[62]
File: adv_epi_analysis_files/figure-latex/unnamed-chunk-67-1.pdf Graphic file (
type pdf)
<use adv_epi_analysis_files/figure-latex/unnamed-chunk-67-1.pdf>

Underfull \vbox (badness 10000) has occurred while \output is active []

[63]
File: adv_epi_analysis_files/figure-latex/unnamed-chunk-68-1.pdf Graphic file (
type pdf)
<use adv_epi_analysis_files/figure-latex/unnamed-chunk-68-1.pdf>
[64]
File: adv_epi_analysis_files/figure-latex/unnamed-chunk-69-1.pdf Graphic file (
type pdf)
<use adv_epi_analysis_files/figure-latex/unnamed-chunk-69-1.pdf>
File: adv_epi_analysis_files/figure-latex/unnamed-chunk-70-1.pdf Graphic file (
type pdf)
<use adv_epi_analysis_files/figure-latex/unnamed-chunk-70-1.pdf>

Underfull \vbox (badness 10000) has occurred while \output is active []

[65] [66]

Package natbib Warning: Citation `wong1989risk' on page 67 undefined on input l
ine 2637.

! Missing } inserted.
<inserted text> 
                }
l.2648 \(e^{\beta_{1}\)
                        is the hazard ratio comparing those hose with \(X=1\...
 
Here is how much of TeX's memory you used:
 19175 strings out of 479418
 346484 string characters out of 5884586
 779855 words of memory out of 5000000
 36377 multiletter control sequences out of 15000+600000
 538845 words of font info for 84 fonts, out of 8000000 for 9000
 1348 hyphenation exceptions out of 8191
 58i,6n,118p,1162b,471s stack positions out of 5000i,500n,10000p,200000b,80000s
Output written on adv_epi_analysis.pdf (66 pages).
